app/build/outputs/mapping/release/seeds.txt
com.dev2drop.cleanring.data.RuleDao_Impl$12
com.dev2drop.cleanring.data.CallLogDao_Impl$3
com.dev2drop.cleanring.data.RuleDao_Impl$14
com.dev2drop.cleanring.service.SpamCallScreeningService
com.dev2drop.cleanring.data.RuleAction
com.dev2drop.cleanring.data.RuleDao_Impl$6
com.dev2drop.cleanring.data.CallLogDao_Impl$5
com.dev2drop.cleanring.data.AppDatabase$Companion$MIGRATION_2_3$1
com.dev2drop.cleanring.data.CallLogEntity
com.dev2drop.cleanring.data.RuleDao_Impl$7
com.dev2drop.cleanring.data.RuleDao_Impl$4
com.dev2drop.cleanring.data.PrefixDao_Impl$7
com.dev2drop.cleanring.data.PrefixEntity
com.dev2drop.cleanring.SpamBlockerApp
com.dev2drop.cleanring.data.SpamBlockerRepository$logCallEvent$2
com.dev2drop.cleanring.data.SpamBlockerRepository$exportAllRulesToJson$1
com.dev2drop.cleanring.data.SpamBlockerRepository$importRulesFromJson$2
com.dev2drop.cleanring.data.SpamBlockerRepository$initializeCache$2
com.dev2drop.cleanring.data.RuleDao_Impl$10
com.dev2drop.cleanring.data.RuleDao
com.dev2drop.cleanring.data.PrefixRepository
com.dev2drop.cleanring.data.SpamBlockerRepository$special$$inlined$map$1
com.dev2drop.cleanring.data.RuleDao_Impl$13
com.dev2drop.cleanring.data.RuleDao_Impl$9
com.dev2drop.cleanring.data.RuleDao_Impl$2
com.dev2drop.cleanring.data.AppDatabase$Companion$MIGRATION_1_2$1
com.dev2drop.cleanring.data.RuleEntity
com.dev2drop.cleanring.data.PrefixRepository$removePrefix$2
com.dev2drop.cleanring.data.SpamBlockerRepository$special$$inlined$map$1$2$1
com.dev2drop.cleanring.data.RuleDao_Impl$15
com.dev2drop.cleanring.data.RuleType
com.dev2drop.cleanring.data.AppDatabase$Companion$MIGRATION_3_4$1
com.dev2drop.cleanring.data.RuleDao_Impl$5
com.dev2drop.cleanring.data.PrefixRepository$addPrefix$2
com.dev2drop.cleanring.data.SpamBlockerRepository$addRule$2
com.dev2drop.cleanring.data.AppDatabase_Impl$1
com.dev2drop.cleanring.data.PrefixDao_Impl$1
com.dev2drop.cleanring.MainActivity
com.dev2drop.cleanring.data.PrefixDao_Impl$6
com.dev2drop.cleanring.data.LogAction
com.dev2drop.cleanring.data.AppDatabase
com.dev2drop.cleanring.data.CallLogDao_Impl
com.dev2drop.cleanring.data.RuleDao_Impl
com.dev2drop.cleanring.service.ProtectionService
com.dev2drop.cleanring.data.CallLogDao_Impl$4
com.dev2drop.cleanring.data.CallLogDao_Impl$2
com.dev2drop.cleanring.data.SpamBlockerRepository$importRulesFromJson$2$type$1
com.dev2drop.cleanring.data.SpamBlockerRepository$duplicateRule$2
com.dev2drop.cleanring.data.RuleDao_Impl$11
com.dev2drop.cleanring.data.SpamBlockerRepository$deleteRule$2
com.dev2drop.cleanring.data.CallLogDao$DefaultImpls
com.dev2drop.cleanring.data.RuleDao_Impl$1
com.dev2drop.cleanring.data.RuleDao_Impl$16
com.dev2drop.cleanring.data.SpamBlockerRepository
com.dev2drop.cleanring.data.PrefixDao
com.dev2drop.cleanring.data.PrefixDao_Impl$5
com.dev2drop.cleanring.data.PrefixDao_Impl
com.dev2drop.cleanring.data.SpamBlockerRepository$getActiveRulesFast$type$1
com.dev2drop.cleanring.data.PrefixRepository$initializeCache$2
com.dev2drop.cleanring.data.PrefixDao_Impl$3
com.dev2drop.cleanring.data.SpamBlockerRepository$refreshCache$1
com.dev2drop.cleanring.data.PrefixDao_Impl$2
com.dev2drop.cleanring.data.PrefixRepository$special$$inlined$map$1
com.dev2drop.cleanring.data.RuleDao_Impl$8
com.dev2drop.cleanring.data.CallLogDao
com.dev2drop.cleanring.data.SpamBlockerRepository$exportAllRulesToJson$2
com.dev2drop.cleanring.data.SpamBlockerRepository$special$$inlined$map$1$2
com.dev2drop.cleanring.data.SpamBlockerRepository$clearCallLogs$2
com.dev2drop.cleanring.data.AppDatabase$Companion
com.dev2drop.cleanring.data.CallLogDao_Impl$1
com.dev2drop.cleanring.data.PrefixDao_Impl$4
com.dev2drop.cleanring.data.AppDatabase_Impl
com.dev2drop.cleanring.data.PrefixRepository$special$$inlined$map$1$2$1
com.dev2drop.cleanring.data.PrefixRepository$special$$inlined$map$1$2
com.dev2drop.cleanring.data.SpamBlockerRepository$incrementRuleBlockCount$2
com.dev2drop.cleanring.data.SpamBlockerRepository$toggleRuleStatus$2
...
androidx.appcompat.widget.AppCompatTextHelper$Api24Impl: android.os.LocaleList forLanguageTags(java.lang.String)
com.google.gson.internal.JsonReaderInternalAccess: JsonReaderInternalAccess()
com.google.gson.internal.$Gson$Types$ParameterizedTypeImpl: int hashCode()
androidx.compose.foundation.text.input.internal.HandwritingGestureApi34: void performDeletionOnLegacyTextField-vJH6DeI(long,androidx.compose.ui.text.AnnotatedString,boolean,kotlin.jvm.functions.Function1)
com.google.i18n.phonenumbers.Phonemetadata$PhoneMetadata: com.google.i18n.phonenumbers.Phonemetadata$PhoneMetadata setGeneralDesc(com.google.i18n.phonenumbers.Phonemetadata$PhoneNumberDesc)
com.google.i18n.phonenumbers.PhoneNumberUtil: java.util.Set getSupportedRegions()
androidx.core.app.RemoteActionCompatParcelizer: void write(androidx.core.app.RemoteActionCompat,androidx.versionedparcelable.VersionedParcel)
androidx.appcompat.widget.AppCompatTextView: androidx.appcompat.widget.AppCompatEmojiTextHelper getEmojiTextViewHelper()
com.google.i18n.phonenumbers.Phonenumber$PhoneNumber: com.google.i18n.phonenumbers.Phonenumber$PhoneNumber setRawInput(java.lang.String)
com.android.billingclient.api.BillingResult: void zzb(com.android.billingclient.api.BillingResult,int)
androidx.compose.ui.text.android.Paint29: void getTextBounds(android.graphics.Paint,java.lang.CharSequence,int,int,android.graphics.Rect)
com.android.billingclient.api.BillingClientKotlinKt: void $r8$lambda$mNiIov37EcRv6CLKJbxie9rmtK8(kotlinx.coroutines.CompletableDeferred,com.android.billingclient.api.BillingResult)
com.android.billingclient.api.QueryProductDetailsParams$Product: java.lang.String zzb()
com.google.gson.GsonBuilder: GsonBuilder()
com.google.gson.stream.JsonReader: com.google.gson.stream.JsonToken peek()
com.google.gson.JsonPrimitive: char getAsCharacter()
com.android.billingclient.api.PurchaseHistoryRecord: int getQuantity()
androidx.appcompat.widget.AppCompatTextHelper$Api24Impl: void setTextLocales(android.widget.TextView,android.os.LocaleList)
androidx.compose.animation.EnterExitState: androidx.compose.animation.EnterExitState[] values()
com.android.billingclient.api.zzav: zzav(com.android.billingclient.api.BillingClientImpl)
com.android.billingclient.api.ProductDetails$SubscriptionOfferDetails: java.lang.String getOfferToken()
com.google.gson.internal.ConstructorConstructor: com.google.gson.internal.ObjectConstructor newUnsafeAllocator(java.lang.Class)
com.google.i18n.phonenumbers.Phonemetadata$PhoneMetadata: com.google.i18n.phonenumbers.Phonemetadata$PhoneMetadata setShortCode(com.google.i18n.phonenumbers.Phonemetadata$PhoneNumberDesc)
androidx.core.view.WindowInsetsCompat$BuilderImpl: void setSystemWindowInsets(androidx.core.graphics.Insets)
com.android.billingclient.api.BillingClientImpl: com.android.billingclient.api.BillingResult isFeatureSupported(java.lang.String)
com.google.gson.stream.JsonWriter: void beforeValue()
com.google.gson.ExclusionStrategy: boolean shouldSkipClass(java.lang.Class)
androidx.room.RoomDatabase: android.database.Cursor query$default(androidx.room.RoomDatabase,androidx.sqlite.db.SupportSQLiteQuery,android.os.CancellationSignal,int,java.lang.Object)
androidx.compose.foundation.text.input.internal.Api34LegacyPerformHandwritingGestureImpl: boolean previewHandwritingGesture(androidx.compose.foundation.text.LegacyTextFieldState,androidx.compose.foundation.text.selection.TextFieldSelectionManager,android.view.inputmethod.PreviewableHandwritingGesture,android.os.CancellationSignal)
androidx.appcompat.widget.Toolbar: int getContentInsetRight()
com.google.gson.Gson: com.google.gson.JsonElement toJsonTree(java.lang.Object)
androidx.appcompat.widget.SearchView$SearchAutoComplete: int getSearchViewTextMinWidthDp()
androidx.appcompat.widget.AppCompatTextView: void setPrecomputedText(androidx.core.text.PrecomputedTextCompat)
androidx.appcompat.widget.Toolbar: void setCollapseContentDescription(int)