app/build/outputs/mapping/release/usage.txt
com.dev2drop.cleanring.R$drawable
com.dev2drop.cleanring.R$mipmap
com.dev2drop.cleanring.R$string
com.dev2drop.cleanring.R$style
com.dev2drop.cleanring.R
com.dev2drop.cleanring.SpamBlockerApp:
    public final kotlinx.coroutines.CoroutineScope getApplicationScope()
com.dev2drop.cleanring.billing.BillingManager:
    public static final java.lang.String PRODUCT_MONTHLY
    public static final java.lang.String PRODUCT_YEARLY
    private static final java.lang.String TAG
    public static final int TRIAL_DURATION_DAYS
    public static final long TRIAL_DURATION_MS
    public final long getFirstInstallTime()
    public final int getTrialDaysRemaining(long)
    public static synthetic int getTrialDaysRemaining$default(com.dev2drop.cleanring.billing.BillingManager,long,int,java.lang.Object)
    public final boolean hasProtectionAccess(long)
    public static synthetic boolean hasProtectionAccess$default(com.dev2drop.cleanring.billing.BillingManager,long,int,java.lang.Object)
    public final kotlinx.coroutines.flow.StateFlow isSubscribed()
    public final boolean isTrialActive(long)
    public static synthetic boolean isTrialActive$default(com.dev2drop.cleanring.billing.BillingManager,long,int,java.lang.Object)
com.dev2drop.cleanring.billing.SubscriptionInfo:
    public synthetic void <init>(java.lang.String,java.lang.String,java.lang.String,com.android.billingclient.api.ProductDetails,int,kotlin.jvm.internal.DefaultConstructorMarker)
    public final java.lang.String component1()
    public final java.lang.String component2()
    public final java.lang.String component3()
    public final com.android.billingclient.api.ProductDetails component4()
    public final com.dev2drop.cleanring.billing.SubscriptionInfo copy(java.lang.String,java.lang.String,java.lang.String,com.android.billingclient.api.ProductDetails)
    public static synthetic com.dev2drop.cleanring.billing.SubscriptionInfo copy$default(com.dev2drop.cleanring.billing.SubscriptionInfo,java.lang.String,java.lang.String,java.lang.String,com.android.billingclient.api.ProductDetails,int,java.lang.Object)
    public final java.lang.String getBillingPeriod()
com.dev2drop.cleanring.service.ProtectionService$Companion:
    public final void stopService(android.content.Context)
com.dev2drop.cleanring.service.ProtectionService:
    public static final int $stable
    private static final java.lang.String CHANNEL_ID
    private static final int NOTIFICATION_ID
com.dev2drop.cleanring.service.SpamCallScreeningService:
    private static final java.lang.String TAG
com.dev2drop.cleanring.ui.CombinedState:
    public final com.dev2drop.cleanring.ui.SettingsState component1()
    public final com.dev2drop.cleanring.ui.SubscriptionState component2()
    public final com.dev2drop.cleanring.data.RuleEntity component3()
    public final com.dev2drop.cleanring.ui.DialogState component4()
    public final com.dev2drop.cleanring.ui.CombinedState copy(com.dev2drop.cleanring.ui.SettingsState,com.dev2drop.cleanring.ui.SubscriptionState,com.dev2drop.cleanring.data.RuleEntity,com.dev2drop.cleanring.ui.DialogState)
    public static synthetic com.dev2drop.cleanring.ui.CombinedState copy$default(com.dev2drop.cleanring.ui.CombinedState,com.dev2drop.cleanring.ui.SettingsState,com.dev2drop.cleanring.ui.SubscriptionState,com.dev2drop.cleanring.data.RuleEntity,com.dev2drop.cleanring.ui.DialogState,int,java.lang.Object)
...
androidx.compose.ui.input.pointer.SuspendingPointerInputModifierNodeImpl$onPointerEvent$1:
    public final java.lang.Object invoke(kotlinx.coroutines.CoroutineScope,kotlin.coroutines.Continuation)
androidx.compose.ui.input.pointer.SuspendingPointerInputModifierNodeImpl:
    static void <clinit>()
    public final long getExtendedTouchPadding-NH-jbRc()
    public static kotlin.jvm.functions.Function2 getPointerInputHandler()
    public final long getSize-YbymL2g()
    public final androidx.compose.ui.platform.ViewConfiguration getViewConfiguration()
    public static void update$ui_release()
androidx.compose.ui.input.pointer.util.DataPointAtTime:
    public static final int $stable
    static void <clinit>()
    public static float getDataPoint()
    public static long getTime()
    public static void setDataPoint()
    public static void setTime()
androidx.compose.ui.input.pointer.util.PointerIdArray:
    public static final int $stable
    static void <clinit>()
    public static boolean add()
    public static void clear()
    public static long get-_I2yYro()
    public static int getSize()
    public static boolean isEmpty()
    public final boolean remove(long)
    public static boolean remove-0FcD4WY()
    public static void set()
androidx.compose.ui.input.pointer.util.VelocityTracker1D$Strategy$EnumUnboxingLocalUtility
androidx.compose.ui.input.pointer.util.VelocityTracker1D$Strategy
androidx.compose.ui.input.pointer.util.VelocityTracker1D$WhenMappings
androidx.compose.ui.input.pointer.util.VelocityTracker1D:
    public static final int $stable
    static void <clinit>()
    public static float calculateLeastSquaresVelocity()
    public static float calculateVelocity()
    public final void resetTracking()
androidx.compose.ui.input.pointer.util.VelocityTracker:
    public static final int $stable
    public long currentPointerPositionAccumulator
    public final int strategy
    static void <clinit>()
    public final void addPosition-Uv8p0NA(long,long)
    public static long calculateVelocity-AH228Gc()
    public static long getCurrentPointerPositionAccumulator-F1C5BW0$ui_release()
    public static long getLastMoveEventTimeStamp$ui_release()
    public final void resetTracking()
    public static void setCurrentPointerPositionAccumulator-k-4lQ0M$ui_release()
    public static void setLastMoveEventTimeStamp$ui_release()
androidx.compose.ui.input.pointer.util.VelocityTrackerKt:
    public static boolean VelocityTrackerAddPointsFix
    public static boolean VelocityTrackerStrategyUseImpulse
    static void <clinit>()
    public static final boolean getVelocityTrackerStrategyUseImpulse()
androidx.compose.ui.input.rotary.RotaryInputElement:
    public final kotlin.jvm.functions.Function1 onPreRotaryScrollEvent
    public final androidx.compose.ui.platform.AndroidComposeView$rotaryInputModifier$1 onRotaryScrollEvent
    public static androidx.compose.ui.input.rotary.RotaryInputNode create()
    public static void update$47()
androidx.compose.ui.input.rotary.RotaryInputModifierNode:
    public abstract boolean onPreRotaryScrollEvent(androidx.compose.ui.input.rotary.RotaryScrollEvent)
    public abstract boolean onRotaryScrollEvent(androidx.compose.ui.input.rotary.RotaryScrollEvent)
androidx.compose.ui.input.rotary.RotaryInputNode:
    public kotlin.jvm.functions.Function1 onPreEvent
    public final boolean onPreRotaryScrollEvent(androidx.compose.ui.input.rotary.RotaryScrollEvent)
    public final boolean onRotaryScrollEvent(androidx.compose.ui.input.rotary.RotaryScrollEvent)
    public final void setOnEvent()
    public final void setOnPreEvent()